<?xml version="1.0" encoding="UTF-8"?>
<!-- Generated by org.testng.reporters.JUnitReportReporter -->
<testsuite hostname="Jagdamba" failures="0" tests="1" name="loginPom.Amazon" time="0.031" errors="0" timestamp="2023-03-06T14:52:31 IST" skipped="0">
  <testcase classname="loginPom.Amazon" name="test1" time="0.031"/>
  <system-out/>
</testsuite> <!-- loginPom.Amazon -->
