<?xml version="1.0" encoding="UTF-8"?>
<!-- Generated by org.testng.reporters.JUnitReportReporter -->
<testsuite hostname="Jagdamba" failures="0" tests="11" name="testPackage.TestNinja" time="0.000" errors="0" timestamp="2023-04-20T23:29:28 IST" skipped="11">
  <testcase classname="testPackage.TestNinja" name="verifytelephone" time="0.000">
    <skipped/>
  </testcase> <!-- verifytelephone -->
  <system-out/>
  <testcase classname="testPackage.TestNinja" name="confpass" time="0.000">
    <skipped/>
  </testcase> <!-- confpass -->
  <system-out/>
  <testcase classname="testPackage.TestNinja" name="checkboxno" time="0.000">
    <skipped/>
  </testcase> <!-- checkboxno -->
  <system-out/>
  <testcase classname="testPackage.TestNinja" name="passverify" time="0.000">
    <skipped/>
  </testcase> <!-- passverify -->
  <system-out/>
  <testcase classname="testPackage.TestNinja" name="emailbox" time="0.000">
    <skipped/>
  </testcase> <!-- emailbox -->
  <system-out/>
  <testcase classname="testPackage.TestNinja" name="checkboxyes" time="0.000">
    <skipped/>
  </testcase> <!-- checkboxyes -->
  <system-out/>
  <testcase classname="testPackage.TestNinja" name="policybox" time="0.000">
    <skipped/>
  </testcase> <!-- policybox -->
  <system-out/>
  <testcase classname="testPackage.TestNinja" name="checkmyaccount" time="0.000">
    <skipped/>
  </testcase> <!-- checkmyaccount -->
  <system-out/>
  <testcase classname="testPackage.TestNinja" name="register" time="0.000">
    <skipped/>
  </testcase> <!-- register -->
  <system-out/>
  <testcase classname="testPackage.TestNinja" name="firstname" time="0.000">
    <skipped/>
  </testcase> <!-- firstname -->
  <system-out/>
  <testcase classname="testPackage.TestNinja" name="elementweb" time="0.000">
    <skipped/>
  </testcase> <!-- elementweb -->
  <system-out/>
</testsuite> <!-- testPackage.TestNinja -->
