<?xml version="1.0" encoding="UTF-8"?>
<!-- Generated by org.testng.reporters.JUnitReportReporter -->
<testsuite hostname="Jagdamba" failures="0" tests="4" name="testPackage.TestAmazonTabs" time="0.000" errors="0" timestamp="2023-03-28T12:50:38 IST" skipped="4">
  <testcase classname="testPackage.TestAmazonTabs" name="searchbox" time="0.000">
    <skipped/>
  </testcase> <!-- searchbox -->
  <system-out/>
  <testcase classname="testPackage.TestAmazonTabs" name="product" time="0.000">
    <skipped/>
  </testcase> <!-- product -->
  <system-out/>
  <testcase classname="testPackage.TestAmazonTabs" name="cartb" time="0.000">
    <skipped/>
  </testcase> <!-- cartb -->
  <system-out/>
  <testcase classname="testPackage.TestAmazonTabs" name="cros" time="0.000">
    <skipped/>
  </testcase> <!-- cros -->
  <system-out/>
</testsuite> <!-- testPackage.TestAmazonTabs -->
